[2015-09-22 19:45:09] INFO  [com.enlightiks.ui.FTP:69] - [Main Method started.]
[2015-09-22 19:45:09] INFO  [com.enlightiks.ui.FTP:70] - [Loaded Main Properties file]
[2015-09-22 19:45:09] INFO  [com.enlightiks.utilitiy.common.LoginUtility:82] - [loadFTPServerProperties() started...]
[2015-09-22 19:45:09] INFO  [com.enlightiks.utilitiy.common.LoginUtility:116] - [loadFTPServerProperties() completed.]
[2015-09-22 19:45:09] INFO  [com.enlightiks.utilitiy.common.LoginUtility:128] - [loadMailProperties() started...]
[2015-09-22 19:45:09] INFO  [com.enlightiks.utilitiy.common.LoginUtility:147] - [loadMailProperties() completed...]
[2015-09-22 19:45:09] INFO  [com.enlightiks.ui.FTP:73] - [Reconfigure Status  :N]
[2015-09-22 19:45:09] INFO  [com.enlightiks.utility.FTP.FTPUpload:50] - [FTPUpload -> main() started...]
[2015-09-22 19:45:09] INFO  [com.enlightiks.utilitiy.common.LoginUtility:82] - [loadFTPServerProperties() started...]
[2015-09-22 19:45:09] INFO  [com.enlightiks.utilitiy.common.LoginUtility:116] - [loadFTPServerProperties() completed.]
[2015-09-22 19:45:09] INFO  [com.enlightiks.utilitiy.common.LoginUtility:128] - [loadMailProperties() started...]
[2015-09-22 19:45:09] INFO  [com.enlightiks.utilitiy.common.LoginUtility:147] - [loadMailProperties() completed...]
[2015-09-22 19:45:09] INFO  [com.enlightiks.utilitiy.common.LoginUtility:82] - [loadFTPServerProperties() started...]
[2015-09-22 19:45:09] INFO  [com.enlightiks.utilitiy.common.LoginUtility:116] - [loadFTPServerProperties() completed.]
[2015-09-22 19:45:09] INFO  [com.enlightiks.utilitiy.common.LoginUtility:128] - [loadMailProperties() started...]
[2015-09-22 19:45:09] INFO  [com.enlightiks.utilitiy.common.LoginUtility:147] - [loadMailProperties() completed...]
[2015-09-22 19:45:09] INFO  [com.enlightiks.utility.FTP.FTPUpload:53] - [ftpUploadFiles() calling..]
[2015-09-22 19:45:09] INFO  [com.enlightiks.utility.FTP.FTPUpload:69] - [FTPUpload Invoking Constructor with Param Value ]
[2015-09-22 19:45:09] INFO  [com.enlightiks.utility.FTP.FTPUpload:100] - [ftpServerUploadFiles() started...]
[2015-09-22 19:45:09] INFO  [com.enlightiks.utilitiy.common.LoginUtility:82] - [loadFTPServerProperties() started...]
[2015-09-22 19:45:09] INFO  [com.enlightiks.utilitiy.common.LoginUtility:116] - [loadFTPServerProperties() completed.]
[2015-09-22 19:45:09] INFO  [com.enlightiks.utilitiy.common.LoginUtility:128] - [loadMailProperties() started...]
[2015-09-22 19:45:09] INFO  [com.enlightiks.utilitiy.common.LoginUtility:147] - [loadMailProperties() completed...]
[2015-09-22 19:45:09] INFO  [com.enlightiks.utilitiy.common.LoginUtility:36] - [loginFTPServer() started... ]
[2015-09-22 19:45:09] INFO  [com.enlightiks.utilitiy.common.LoginUtility:82] - [loadFTPServerProperties() started...]
[2015-09-22 19:45:09] INFO  [com.enlightiks.utilitiy.common.LoginUtility:116] - [loadFTPServerProperties() completed.]
[2015-09-22 19:45:09] INFO  [com.enlightiks.utilitiy.common.LoginUtility:128] - [loadMailProperties() started...]
[2015-09-22 19:45:09] INFO  [com.enlightiks.utilitiy.common.LoginUtility:147] - [loadMailProperties() completed...]
[2015-09-22 19:45:09] INFO  [com.enlightiks.utilitiy.common.DecryptionUtility:111] - [decryptedServerName() started...]
[2015-09-22 19:45:09] INFO  [com.enlightiks.utilitiy.common.DecryptionUtility:59] - [decrypt() started...]
[2015-09-22 19:45:10] INFO  [com.enlightiks.utilitiy.common.DecryptionUtility:72] - [decrypt() complete and return encrypted text.]
[2015-09-22 19:45:10] INFO  [com.enlightiks.utilitiy.common.DecryptionUtility:114] - [decryptedServerName() complete and return encrypted server Name.]
[2015-09-22 19:45:10] INFO  [com.enlightiks.utilitiy.common.DecryptionUtility:97] - [decryptedUsername() started...]
[2015-09-22 19:45:10] INFO  [com.enlightiks.utilitiy.common.DecryptionUtility:59] - [decrypt() started...]
[2015-09-22 19:45:10] INFO  [com.enlightiks.utilitiy.common.DecryptionUtility:72] - [decrypt() complete and return encrypted text.]
[2015-09-22 19:45:10] INFO  [com.enlightiks.utilitiy.common.DecryptionUtility:100] - [decryptedUsername() complete and return encrypted server Username.]
[2015-09-22 19:45:10] INFO  [com.enlightiks.utilitiy.common.DecryptionUtility:83] - [decryptedPassword() started...]
[2015-09-22 19:45:10] INFO  [com.enlightiks.utilitiy.common.DecryptionUtility:59] - [decrypt() started...]
[2015-09-22 19:45:10] INFO  [com.enlightiks.utilitiy.common.DecryptionUtility:72] - [decrypt() complete and return encrypted text.]
[2015-09-22 19:45:10] INFO  [com.enlightiks.utilitiy.common.DecryptionUtility:86] - [decryptedPassword() complete and return encrypted server password.]
[2015-09-22 19:45:10] INFO  [com.enlightiks.utilitiy.common.LoginUtility:54] - [login with ftpserver successfull]
[2015-09-22 19:45:10] INFO  [com.enlightiks.utilitiy.common.LoginUtility:59] - [loginFTPServer() complete. ]
[2015-09-22 19:45:10] INFO  [com.enlightiks.utility.FTP.FTPUpload:109] - [login is success : null]
[2015-09-22 19:45:11] INFO  [com.enlightiks.utility.FTP.FTPUpload:265] - [archive() started...]
[2015-09-22 19:45:11] INFO  [com.enlightiks.utility.FTP.FTPUpload:275] - [archive file copyed]
[2015-09-22 19:45:11] INFO  [com.enlightiks.utility.FTP.FTPUpload:279] - [archivefile() Archving completed]
[2015-09-22 19:45:11] ERROR [com.enlightiks.utility.FTP.FTPUpload:242] - [ftpServerUploadFiles() exception is :  ]
java.lang.NullPointerException
	at com.enlightiks.utility.FTP.FTPUpload.ftpServerUploadFiles(FTPUpload.java:183)
	at com.enlightiks.utility.FTP.FTPUpload.run(FTPUpload.java:85)
	at java.lang.Thread.run(Unknown Source)
[2015-09-22 19:45:11] INFO  [com.enlightiks.utility.FTP.FTPUpload:258] - [ftpServerUploadFiles() complete.]
[2015-09-22 19:45:14] INFO  [com.enlightiks.utility.FTP.FTPUpload:100] - [ftpServerUploadFiles() started...]
[2015-09-22 19:45:14] INFO  [com.enlightiks.utilitiy.common.LoginUtility:82] - [loadFTPServerProperties() started...]
[2015-09-22 19:45:14] INFO  [com.enlightiks.utilitiy.common.LoginUtility:116] - [loadFTPServerProperties() completed.]
[2015-09-22 19:45:14] INFO  [com.enlightiks.utilitiy.common.LoginUtility:128] - [loadMailProperties() started...]
[2015-09-22 19:45:14] INFO  [com.enlightiks.utilitiy.common.LoginUtility:147] - [loadMailProperties() completed...]
[2015-09-22 19:45:14] INFO  [com.enlightiks.utilitiy.common.LoginUtility:36] - [loginFTPServer() started... ]
[2015-09-22 19:45:14] INFO  [com.enlightiks.utilitiy.common.LoginUtility:82] - [loadFTPServerProperties() started...]
[2015-09-22 19:45:14] INFO  [com.enlightiks.utilitiy.common.LoginUtility:116] - [loadFTPServerProperties() completed.]
[2015-09-22 19:45:14] INFO  [com.enlightiks.utilitiy.common.LoginUtility:128] - [loadMailProperties() started...]
[2015-09-22 19:45:14] INFO  [com.enlightiks.utilitiy.common.LoginUtility:147] - [loadMailProperties() completed...]
[2015-09-22 19:45:14] INFO  [com.enlightiks.utilitiy.common.DecryptionUtility:111] - [decryptedServerName() started...]
[2015-09-22 19:45:14] INFO  [com.enlightiks.utilitiy.common.DecryptionUtility:59] - [decrypt() started...]
[2015-09-22 19:45:14] INFO  [com.enlightiks.utilitiy.common.DecryptionUtility:72] - [decrypt() complete and return encrypted text.]
[2015-09-22 19:45:14] INFO  [com.enlightiks.utilitiy.common.DecryptionUtility:114] - [decryptedServerName() complete and return encrypted server Name.]
[2015-09-22 19:45:14] INFO  [com.enlightiks.utilitiy.common.DecryptionUtility:97] - [decryptedUsername() started...]
[2015-09-22 19:45:14] INFO  [com.enlightiks.utilitiy.common.DecryptionUtility:59] - [decrypt() started...]
[2015-09-22 19:45:14] INFO  [com.enlightiks.utilitiy.common.DecryptionUtility:72] - [decrypt() complete and return encrypted text.]
[2015-09-22 19:45:14] INFO  [com.enlightiks.utilitiy.common.DecryptionUtility:100] - [decryptedUsername() complete and return encrypted server Username.]
[2015-09-22 19:45:14] INFO  [com.enlightiks.utilitiy.common.DecryptionUtility:83] - [decryptedPassword() started...]
[2015-09-22 19:45:14] INFO  [com.enlightiks.utilitiy.common.DecryptionUtility:59] - [decrypt() started...]
[2015-09-22 19:45:14] INFO  [com.enlightiks.utilitiy.common.DecryptionUtility:72] - [decrypt() complete and return encrypted text.]
[2015-09-22 19:45:14] INFO  [com.enlightiks.utilitiy.common.DecryptionUtility:86] - [decryptedPassword() complete and return encrypted server password.]
[2015-09-22 19:45:14] INFO  [com.enlightiks.utilitiy.common.LoginUtility:54] - [login with ftpserver successfull]
[2015-09-22 19:45:14] INFO  [com.enlightiks.utilitiy.common.LoginUtility:59] - [loginFTPServer() complete. ]
[2015-09-22 19:45:14] INFO  [com.enlightiks.utility.FTP.FTPUpload:109] - [login is success : null]
[2015-09-22 19:45:15] INFO  [com.enlightiks.utility.FTP.FTPUpload:265] - [archive() started...]
[2015-09-22 19:45:15] INFO  [com.enlightiks.utility.FTP.FTPUpload:275] - [archive file copyed]
[2015-09-22 19:45:15] INFO  [com.enlightiks.utility.FTP.FTPUpload:279] - [archivefile() Archving completed]
[2015-09-22 19:45:15] ERROR [com.enlightiks.utility.FTP.FTPUpload:242] - [ftpServerUploadFiles() exception is :  ]
java.lang.NullPointerException
	at com.enlightiks.utility.FTP.FTPUpload.ftpServerUploadFiles(FTPUpload.java:183)
	at com.enlightiks.utility.FTP.FTPUpload.run(FTPUpload.java:85)
	at java.lang.Thread.run(Unknown Source)
[2015-09-22 19:45:15] INFO  [com.enlightiks.utility.FTP.FTPUpload:258] - [ftpServerUploadFiles() complete.]
